cd build && gmake check
gmake[1]: Entering directory `/home/sebni087/Pintos_Nyaste/src/userprog/build'
i386-elf-gcc -c ../../threads/loader.S -o threads/loader.o -Wa,--gstabs -nostdinc -I../.. -I../../lib -I../../lib/kernel -DUSERPROG -DFILESYS -DKERNEL_LOAD_PAGES=`perl -e 'print +(-s "kernel.bin") / 4096;'`
i386-elf-ld -N -e start -Ttext 0x7c00 --oformat binary -o loader.bin threads/loader.o
cat loader.bin kernel.bin > os.dsk
pintos -v -k -T 60 --qemu  --fs-disk=2 -p tests/klaar/read-bad-buf -a read-bad-buf -p ../../tests/klaar/sample.txt -a sample.txt -- -q   -f run read-bad-buf < /dev/null 2> tests/klaar/read-bad-buf.errors > tests/klaar/read-bad-buf.allput
pintos -v -k -T 60 --qemu  --fs-disk=2 -p tests/klaar/low-mem -a low-mem -p tests/klaar/child-simple -a child-simple -- -q  -tcl=3 -f run low-mem < /dev/null 2> tests/klaar/low-mem.errors > tests/klaar/low-mem.allput
pintos -v -k -T 60 --qemu  --fs-disk=2 -p tests/klaar/exec-corrupt -a exec-corrupt -p ../../tests/klaar/corrupt-elf -a corrupt-elf -- -q   -f run exec-corrupt < /dev/null 2> tests/klaar/exec-corrupt.errors > tests/klaar/exec-corrupt.allput
pintos -v -k -T 60 --qemu  --fs-disk=2 -p tests/userprog/args-none -a args-none -- -q   -f run args-none < /dev/null 2> tests/userprog/args-none.errors > tests/userprog/args-none.allput
pintos -v -k -T 60 --qemu  --fs-disk=2 -p tests/userprog/args-single -a args-single -- -q   -f run 'args-single onearg' < /dev/null 2> tests/userprog/args-single.errors > tests/userprog/args-single.allput
pintos -v -k -T 60 --qemu  --fs-disk=2 -p tests/userprog/args-multiple -a args-multiple -- -q   -f run 'args-multiple some arguments for you!' < /dev/null 2> tests/userprog/args-multiple.errors > tests/userprog/args-multiple.allput
pintos -v -k -T 60 --qemu  --fs-disk=2 -p tests/userprog/args-many -a args-many -- -q   -f run 'args-many a b c d e f g h i j k l m n o p q r s t u v' < /dev/null 2> tests/userprog/args-many.errors > tests/userprog/args-many.allput
pintos -v -k -T 60 --qemu  --fs-disk=2 -p tests/userprog/args-dbl-space -a args-dbl-space -- -q   -f run 'args-dbl-space two  spaces!' < /dev/null 2> tests/userprog/args-dbl-space.errors > tests/userprog/args-dbl-space.allput
pintos -v -k -T 60 --qemu  --fs-disk=2 -p tests/userprog/sc-bad-sp -a sc-bad-sp -- -q   -f run sc-bad-sp < /dev/null 2> tests/userprog/sc-bad-sp.errors > tests/userprog/sc-bad-sp.allput
pintos -v -k -T 60 --qemu  --fs-disk=2 -p tests/userprog/sc-bad-arg -a sc-bad-arg -- -q   -f run sc-bad-arg < /dev/null 2> tests/userprog/sc-bad-arg.errors > tests/userprog/sc-bad-arg.allput
pintos -v -k -T 60 --qemu  --fs-disk=2 -p tests/userprog/sc-boundary -a sc-boundary -- -q   -f run sc-boundary < /dev/null 2> tests/userprog/sc-boundary.errors > tests/userprog/sc-boundary.allput
pintos -v -k -T 60 --qemu  --fs-disk=2 -p tests/userprog/sc-boundary-2 -a sc-boundary-2 -- -q   -f run sc-boundary-2 < /dev/null 2> tests/userprog/sc-boundary-2.errors > tests/userprog/sc-boundary-2.allput
pintos -v -k -T 60 --qemu  --fs-disk=2 -p tests/userprog/halt -a halt -- -q   -f run halt < /dev/null 2> tests/userprog/halt.errors > tests/userprog/halt.allput
pintos -v -k -T 60 --qemu  --fs-disk=2 -p tests/userprog/exit -a exit -- -q   -f run exit < /dev/null 2> tests/userprog/exit.errors > tests/userprog/exit.allput
pintos -v -k -T 60 --qemu  --fs-disk=2 -p tests/userprog/create-normal -a create-normal -- -q   -f run create-normal < /dev/null 2> tests/userprog/create-normal.errors > tests/userprog/create-normal.allput
pintos -v -k -T 60 --qemu  --fs-disk=2 -p tests/userprog/create-empty -a create-empty -- -q   -f run create-empty < /dev/null 2> tests/userprog/create-empty.errors > tests/userprog/create-empty.allput
pintos -v -k -T 60 --qemu  --fs-disk=2 -p tests/userprog/create-null -a create-null -- -q   -f run create-null < /dev/null 2> tests/userprog/create-null.errors > tests/userprog/create-null.allput
pintos -v -k -T 60 --qemu  --fs-disk=2 -p tests/userprog/create-bad-ptr -a create-bad-ptr -- -q   -f run create-bad-ptr < /dev/null 2> tests/userprog/create-bad-ptr.errors > tests/userprog/create-bad-ptr.allput
pintos -v -k -T 60 --qemu  --fs-disk=2 -p tests/userprog/create-long -a create-long -- -q   -f run create-long < /dev/null 2> tests/userprog/create-long.errors > tests/userprog/create-long.allput
pintos -v -k -T 60 --qemu  --fs-disk=2 -p tests/userprog/create-exists -a create-exists -- -q   -f run create-exists < /dev/null 2> tests/userprog/create-exists.errors > tests/userprog/create-exists.allput
pintos -v -k -T 60 --qemu  --fs-disk=2 -p tests/userprog/create-bound -a create-bound -- -q   -f run create-bound < /dev/null 2> tests/userprog/create-bound.errors > tests/userprog/create-bound.allput
pintos -v -k -T 60 --qemu  --fs-disk=2 -p tests/userprog/open-normal -a open-normal -p ../../tests/userprog/sample.txt -a sample.txt -- -q   -f run open-normal < /dev/null 2> tests/userprog/open-normal.errors > tests/userprog/open-normal.allput
pintos -v -k -T 60 --qemu  --fs-disk=2 -p tests/userprog/open-missing -a open-missing -- -q   -f run open-missing < /dev/null 2> tests/userprog/open-missing.errors > tests/userprog/open-missing.allput
pintos -v -k -T 60 --qemu  --fs-disk=2 -p tests/userprog/open-boundary -a open-boundary -p ../../tests/userprog/sample.txt -a sample.txt -- -q   -f run open-boundary < /dev/null 2> tests/userprog/open-boundary.errors > tests/userprog/open-boundary.allput
pintos -v -k -T 60 --qemu  --fs-disk=2 -p tests/userprog/open-empty -a open-empty -- -q   -f run open-empty < /dev/null 2> tests/userprog/open-empty.errors > tests/userprog/open-empty.allput
pintos -v -k -T 60 --qemu  --fs-disk=2 -p tests/userprog/open-null -a open-null -- -q   -f run open-null < /dev/null 2> tests/userprog/open-null.errors > tests/userprog/open-null.allput
pintos -v -k -T 60 --qemu  --fs-disk=2 -p tests/userprog/open-bad-ptr -a open-bad-ptr -- -q   -f run open-bad-ptr < /dev/null 2> tests/userprog/open-bad-ptr.errors > tests/userprog/open-bad-ptr.allput
pintos -v -k -T 60 --qemu  --fs-disk=2 -p tests/userprog/open-twice -a open-twice -p ../../tests/userprog/sample.txt -a sample.txt -- -q   -f run open-twice < /dev/null 2> tests/userprog/open-twice.errors > tests/userprog/open-twice.allput
pintos -v -k -T 60 --qemu  --fs-disk=2 -p tests/userprog/close-normal -a close-normal -p ../../tests/userprog/sample.txt -a sample.txt -- -q   -f run close-normal < /dev/null 2> tests/userprog/close-normal.errors > tests/userprog/close-normal.allput
pintos -v -k -T 60 --qemu  --fs-disk=2 -p tests/userprog/close-twice -a close-twice -p ../../tests/userprog/sample.txt -a sample.txt -- -q   -f run close-twice < /dev/null 2> tests/userprog/close-twice.errors > tests/userprog/close-twice.allput
pintos -v -k -T 60 --qemu  --fs-disk=2 -p tests/userprog/close-stdin -a close-stdin -- -q   -f run close-stdin < /dev/null 2> tests/userprog/close-stdin.errors > tests/userprog/close-stdin.allput
pintos -v -k -T 60 --qemu  --fs-disk=2 -p tests/userprog/close-stdout -a close-stdout -- -q   -f run close-stdout < /dev/null 2> tests/userprog/close-stdout.errors > tests/userprog/close-stdout.allput
pintos -v -k -T 60 --qemu  --fs-disk=2 -p tests/userprog/close-bad-fd -a close-bad-fd -- -q   -f run close-bad-fd < /dev/null 2> tests/userprog/close-bad-fd.errors > tests/userprog/close-bad-fd.allput
pintos -v -k -T 60 --qemu  --fs-disk=2 -p tests/userprog/read-normal -a read-normal -p ../../tests/userprog/sample.txt -a sample.txt -- -q   -f run read-normal < /dev/null 2> tests/userprog/read-normal.errors > tests/userprog/read-normal.allput
pintos -v -k -T 60 --qemu  --fs-disk=2 -p tests/userprog/read-bad-ptr -a read-bad-ptr -p ../../tests/userprog/sample.txt -a sample.txt -- -q   -f run read-bad-ptr < /dev/null 2> tests/userprog/read-bad-ptr.errors > tests/userprog/read-bad-ptr.allput
pintos -v -k -T 60 --qemu  --fs-disk=2 -p tests/userprog/read-boundary -a read-boundary -p ../../tests/userprog/sample.txt -a sample.txt -- -q   -f run read-boundary < /dev/null 2> tests/userprog/read-boundary.errors > tests/userprog/read-boundary.allput
pintos -v -k -T 60 --qemu  --fs-disk=2 -p tests/userprog/read-zero -a read-zero -p ../../tests/userprog/sample.txt -a sample.txt -- -q   -f run read-zero < /dev/null 2> tests/userprog/read-zero.errors > tests/userprog/read-zero.allput
pintos -v -k -T 60 --qemu  --fs-disk=2 -p tests/userprog/read-stdout -a read-stdout -- -q   -f run read-stdout < /dev/null 2> tests/userprog/read-stdout.errors > tests/userprog/read-stdout.allput
pintos -v -k -T 60 --qemu  --fs-disk=2 -p tests/userprog/read-bad-fd -a read-bad-fd -- -q   -f run read-bad-fd < /dev/null 2> tests/userprog/read-bad-fd.errors > tests/userprog/read-bad-fd.allput
pintos -v -k -T 60 --qemu  --fs-disk=2 -p tests/userprog/write-normal -a write-normal -p ../../tests/userprog/sample.txt -a sample.txt -- -q   -f run write-normal < /dev/null 2> tests/userprog/write-normal.errors > tests/userprog/write-normal.allput
pintos -v -k -T 60 --qemu  --fs-disk=2 -p tests/userprog/write-bad-ptr -a write-bad-ptr -p ../../tests/userprog/sample.txt -a sample.txt -- -q   -f run write-bad-ptr < /dev/null 2> tests/userprog/write-bad-ptr.errors > tests/userprog/write-bad-ptr.allput
pintos -v -k -T 60 --qemu  --fs-disk=2 -p tests/userprog/write-boundary -a write-boundary -p ../../tests/userprog/sample.txt -a sample.txt -- -q   -f run write-boundary < /dev/null 2> tests/userprog/write-boundary.errors > tests/userprog/write-boundary.allput
pintos -v -k -T 60 --qemu  --fs-disk=2 -p tests/userprog/write-zero -a write-zero -p ../../tests/userprog/sample.txt -a sample.txt -- -q   -f run write-zero < /dev/null 2> tests/userprog/write-zero.errors > tests/userprog/write-zero.allput
pintos -v -k -T 60 --qemu  --fs-disk=2 -p tests/userprog/write-stdin -a write-stdin -- -q   -f run write-stdin < /dev/null 2> tests/userprog/write-stdin.errors > tests/userprog/write-stdin.allput
pintos -v -k -T 60 --qemu  --fs-disk=2 -p tests/userprog/write-bad-fd -a write-bad-fd -- -q   -f run write-bad-fd < /dev/null 2> tests/userprog/write-bad-fd.errors > tests/userprog/write-bad-fd.allput
pintos -v -k -T 60 --qemu  --fs-disk=2 -p tests/userprog/exec-once -a exec-once -p tests/userprog/child-simple -a child-simple -- -q   -f run exec-once < /dev/null 2> tests/userprog/exec-once.errors > tests/userprog/exec-once.allput
pintos -v -k -T 60 --qemu  --fs-disk=2 -p tests/userprog/exec-arg -a exec-arg -p tests/userprog/child-args -a child-args -- -q   -f run exec-arg < /dev/null 2> tests/userprog/exec-arg.errors > tests/userprog/exec-arg.allput
pintos -v -k -T 60 --qemu  --fs-disk=2 -p tests/userprog/exec-multiple -a exec-multiple -p tests/userprog/child-simple -a child-simple -- -q   -f run exec-multiple < /dev/null 2> tests/userprog/exec-multiple.errors > tests/userprog/exec-multiple.allput
pintos -v -k -T 60 --qemu  --fs-disk=2 -p tests/userprog/exec-missing -a exec-missing -- -q   -f run exec-missing < /dev/null 2> tests/userprog/exec-missing.errors > tests/userprog/exec-missing.allput
pintos -v -k -T 60 --qemu  --fs-disk=2 -p tests/userprog/exec-bad-ptr -a exec-bad-ptr -- -q   -f run exec-bad-ptr < /dev/null 2> tests/userprog/exec-bad-ptr.errors > tests/userprog/exec-bad-ptr.allput
pintos -v -k -T 60 --qemu  --fs-disk=2 -p tests/userprog/wait-simple -a wait-simple -p tests/userprog/child-simple -a child-simple -- -q   -f run wait-simple < /dev/null 2> tests/userprog/wait-simple.errors > tests/userprog/wait-simple.allput
pintos -v -k -T 60 --qemu  --fs-disk=2 -p tests/userprog/wait-twice -a wait-twice -p tests/userprog/child-simple -a child-simple -- -q   -f run wait-twice < /dev/null 2> tests/userprog/wait-twice.errors > tests/userprog/wait-twice.allput
pintos -v -k -T 60 --qemu  --fs-disk=2 -p tests/userprog/wait-killed -a wait-killed -p tests/userprog/child-bad -a child-bad -- -q   -f run wait-killed < /dev/null 2> tests/userprog/wait-killed.errors > tests/userprog/wait-killed.allput
pintos -v -k -T 60 --qemu  --fs-disk=2 -p tests/userprog/wait-bad-pid -a wait-bad-pid -- -q   -f run wait-bad-pid < /dev/null 2> tests/userprog/wait-bad-pid.errors > tests/userprog/wait-bad-pid.allput
pintos -v -k -T 60 --qemu  --fs-disk=2 -p tests/userprog/multi-recurse -a multi-recurse -- -q   -f run 'multi-recurse 15' < /dev/null 2> tests/userprog/multi-recurse.errors > tests/userprog/multi-recurse.allput
pintos -v -k -T 60 --qemu  --fs-disk=2 -p tests/userprog/multi-child-fd -a multi-child-fd -p ../../tests/userprog/sample.txt -a sample.txt -p tests/userprog/child-close -a child-close -- -q   -f run multi-child-fd < /dev/null 2> tests/userprog/multi-child-fd.errors > tests/userprog/multi-child-fd.allput
pintos -v -k -T 60 --qemu  --fs-disk=2 -p tests/filesys/base/lg-create -a lg-create -- -q   -f run lg-create < /dev/null 2> tests/filesys/base/lg-create.errors > tests/filesys/base/lg-create.allput
pintos -v -k -T 60 --qemu  --fs-disk=2 -p tests/filesys/base/lg-full -a lg-full -- -q   -f run lg-full < /dev/null 2> tests/filesys/base/lg-full.errors > tests/filesys/base/lg-full.allput
pintos -v -k -T 60 --qemu  --fs-disk=2 -p tests/filesys/base/lg-random -a lg-random -- -q   -f run lg-random < /dev/null 2> tests/filesys/base/lg-random.errors > tests/filesys/base/lg-random.allput
pintos -v -k -T 60 --qemu  --fs-disk=2 -p tests/filesys/base/lg-seq-block -a lg-seq-block -- -q   -f run lg-seq-block < /dev/null 2> tests/filesys/base/lg-seq-block.errors > tests/filesys/base/lg-seq-block.allput
pintos -v -k -T 60 --qemu  --fs-disk=2 -p tests/filesys/base/lg-seq-random -a lg-seq-random -- -q   -f run lg-seq-random < /dev/null 2> tests/filesys/base/lg-seq-random.errors > tests/filesys/base/lg-seq-random.allput
pintos -v -k -T 60 --qemu  --fs-disk=2 -p tests/filesys/base/sm-create -a sm-create -- -q   -f run sm-create < /dev/null 2> tests/filesys/base/sm-create.errors > tests/filesys/base/sm-create.allput
pintos -v -k -T 60 --qemu  --fs-disk=2 -p tests/filesys/base/sm-full -a sm-full -- -q   -f run sm-full < /dev/null 2> tests/filesys/base/sm-full.errors > tests/filesys/base/sm-full.allput
pintos -v -k -T 60 --qemu  --fs-disk=2 -p tests/filesys/base/sm-random -a sm-random -- -q   -f run sm-random < /dev/null 2> tests/filesys/base/sm-random.errors > tests/filesys/base/sm-random.allput
pintos -v -k -T 60 --qemu  --fs-disk=2 -p tests/filesys/base/sm-seq-block -a sm-seq-block -- -q   -f run sm-seq-block < /dev/null 2> tests/filesys/base/sm-seq-block.errors > tests/filesys/base/sm-seq-block.allput
pintos -v -k -T 60 --qemu  --fs-disk=2 -p tests/filesys/base/sm-seq-random -a sm-seq-random -- -q   -f run sm-seq-random < /dev/null 2> tests/filesys/base/sm-seq-random.errors > tests/filesys/base/sm-seq-random.allput
pintos -v -k -T 300 --qemu  --fs-disk=2 -p tests/filesys/base/syn-read -a syn-read -p tests/filesys/base/child-syn-read -a child-syn-read -- -q   -f run syn-read < /dev/null 2> tests/filesys/base/syn-read.errors > tests/filesys/base/syn-read.allput
pintos -v -k -T 60 --qemu  --fs-disk=2 -p tests/filesys/base/syn-remove -a syn-remove -- -q   -f run syn-remove < /dev/null 2> tests/filesys/base/syn-remove.errors > tests/filesys/base/syn-remove.allput
pintos -v -k -T 60 --qemu  --fs-disk=2 -p tests/filesys/base/syn-write -a syn-write -p tests/filesys/base/child-syn-wrt -a child-syn-wrt -- -q   -f run syn-write < /dev/null 2> tests/filesys/base/syn-write.errors > tests/filesys/base/syn-write.allput
perl -I../.. ../../tests/klaar/read-bad-buf.ck tests/klaar/read-bad-buf tests/klaar/read-bad-buf.result
pass tests/klaar/read-bad-buf
perl -I../.. ../../tests/klaar/low-mem.ck tests/klaar/low-mem tests/klaar/low-mem.result
pass tests/klaar/low-mem
perl -I../.. ../../tests/klaar/exec-corrupt.ck tests/klaar/exec-corrupt tests/klaar/exec-corrupt.result
pass tests/klaar/exec-corrupt
perl -I../.. ../../tests/userprog/args-none.ck tests/userprog/args-none tests/userprog/args-none.result
perl -I../.. ../../tests/userprog/args-single.ck tests/userprog/args-single tests/userprog/args-single.result
pass tests/userprog/args-none
perl -I../.. ../../tests/userprog/args-multiple.ck tests/userprog/args-multiple tests/userprog/args-multiple.result
pass tests/userprog/args-single
perl -I../.. ../../tests/userprog/args-many.ck tests/userprog/args-many tests/userprog/args-many.result
pass tests/userprog/args-multiple
perl -I../.. ../../tests/userprog/args-dbl-space.ck tests/userprog/args-dbl-space tests/userprog/args-dbl-space.result
pass tests/userprog/args-dbl-space
perl -I../.. ../../tests/userprog/sc-bad-sp.ck tests/userprog/sc-bad-sp tests/userprog/sc-bad-sp.result
pass tests/userprog/sc-bad-sp
perl -I../.. ../../tests/userprog/sc-bad-arg.ck tests/userprog/sc-bad-arg tests/userprog/sc-bad-arg.result
pass tests/userprog/args-many
perl -I../.. ../../tests/userprog/sc-boundary.ck tests/userprog/sc-boundary tests/userprog/sc-boundary.result
perl -I../.. ../../tests/userprog/sc-boundary-2.ck tests/userprog/sc-boundary-2 tests/userprog/sc-boundary-2.result
pass tests/userprog/sc-bad-arg
perl -I../.. ../../tests/userprog/halt.ck tests/userprog/halt tests/userprog/halt.result
pass tests/userprog/sc-boundary
perl -I../.. ../../tests/userprog/exit.ck tests/userprog/exit tests/userprog/exit.result
pass tests/userprog/sc-boundary-2
perl -I../.. ../../tests/userprog/create-normal.ck tests/userprog/create-normal tests/userprog/create-normal.result
pass tests/userprog/exit
perl -I../.. ../../tests/userprog/create-empty.ck tests/userprog/create-empty tests/userprog/create-empty.result
pass tests/userprog/halt
perl -I../.. ../../tests/userprog/create-null.ck tests/userprog/create-null tests/userprog/create-null.result
perl -I../.. ../../tests/userprog/create-bad-ptr.ck tests/userprog/create-bad-ptr tests/userprog/create-bad-ptr.result
pass tests/userprog/create-null
perl -I../.. ../../tests/userprog/create-long.ck tests/userprog/create-long tests/userprog/create-long.result
pass tests/userprog/create-bad-ptr
perl -I../.. ../../tests/userprog/create-exists.ck tests/userprog/create-exists tests/userprog/create-exists.result
pass tests/userprog/create-normal
perl -I../.. ../../tests/userprog/create-bound.ck tests/userprog/create-bound tests/userprog/create-bound.result
pass tests/userprog/create-long
perl -I../.. ../../tests/userprog/open-normal.ck tests/userprog/open-normal tests/userprog/open-normal.result
pass tests/userprog/create-exists
perl -I../.. ../../tests/userprog/open-missing.ck tests/userprog/open-missing tests/userprog/open-missing.result
pass tests/userprog/open-missing
perl -I../.. ../../tests/userprog/open-boundary.ck tests/userprog/open-boundary tests/userprog/open-boundary.result
pass tests/userprog/open-boundary
perl -I../.. ../../tests/userprog/open-empty.ck tests/userprog/open-empty tests/userprog/open-empty.result
pass tests/userprog/open-normal
perl -I../.. ../../tests/userprog/open-null.ck tests/userprog/open-null tests/userprog/open-null.result
pass tests/userprog/open-empty
perl -I../.. ../../tests/userprog/open-bad-ptr.ck tests/userprog/open-bad-ptr tests/userprog/open-bad-ptr.result
pass tests/userprog/create-bound
perl -I../.. ../../tests/userprog/open-twice.ck tests/userprog/open-twice tests/userprog/open-twice.result
pass tests/userprog/create-empty
perl -I../.. ../../tests/userprog/close-normal.ck tests/userprog/close-normal tests/userprog/close-normal.result
pass tests/userprog/open-twice
perl -I../.. ../../tests/userprog/close-twice.ck tests/userprog/close-twice tests/userprog/close-twice.result
pass tests/userprog/close-normal
perl -I../.. ../../tests/userprog/close-stdin.ck tests/userprog/close-stdin tests/userprog/close-stdin.result
pass tests/userprog/open-bad-ptr
perl -I../.. ../../tests/userprog/close-stdout.ck tests/userprog/close-stdout tests/userprog/close-stdout.result
perl -I../.. ../../tests/userprog/close-bad-fd.ck tests/userprog/close-bad-fd tests/userprog/close-bad-fd.result
pass tests/userprog/close-stdin
perl -I../.. ../../tests/userprog/read-normal.ck tests/userprog/read-normal tests/userprog/read-normal.result
pass tests/userprog/close-bad-fd
perl -I../.. ../../tests/userprog/read-bad-ptr.ck tests/userprog/read-bad-ptr tests/userprog/read-bad-ptr.result
pass tests/userprog/open-null
perl -I../.. ../../tests/userprog/read-boundary.ck tests/userprog/read-boundary tests/userprog/read-boundary.result
pass tests/userprog/read-bad-ptr
perl -I../.. ../../tests/userprog/read-zero.ck tests/userprog/read-zero tests/userprog/read-zero.result
pass tests/userprog/read-zero
perl -I../.. ../../tests/userprog/read-stdout.ck tests/userprog/read-stdout tests/userprog/read-stdout.result
pass tests/userprog/read-boundary
perl -I../.. ../../tests/userprog/read-bad-fd.ck tests/userprog/read-bad-fd tests/userprog/read-bad-fd.result
pass tests/userprog/read-normal
pass tests/userprog/close-stdout
perl -I../.. ../../tests/userprog/write-normal.ck tests/userprog/write-normal tests/userprog/write-normal.result
perl -I../.. ../../tests/userprog/write-bad-ptr.ck tests/userprog/write-bad-ptr tests/userprog/write-bad-ptr.result
pass tests/userprog/read-stdout
perl -I../.. ../../tests/userprog/write-boundary.ck tests/userprog/write-boundary tests/userprog/write-boundary.result
pass tests/userprog/read-bad-fd
perl -I../.. ../../tests/userprog/write-zero.ck tests/userprog/write-zero tests/userprog/write-zero.result
pass tests/userprog/close-twice
perl -I../.. ../../tests/userprog/write-stdin.ck tests/userprog/write-stdin tests/userprog/write-stdin.result
perl -I../.. ../../tests/userprog/write-bad-fd.ck tests/userprog/write-bad-fd tests/userprog/write-bad-fd.result
pass tests/userprog/write-boundary
perl -I../.. ../../tests/userprog/exec-once.ck tests/userprog/exec-once tests/userprog/exec-once.result
pass tests/userprog/write-bad-fd
perl -I../.. ../../tests/userprog/exec-arg.ck tests/userprog/exec-arg tests/userprog/exec-arg.result
pass tests/userprog/write-normal
perl -I../.. ../../tests/userprog/exec-multiple.ck tests/userprog/exec-multiple tests/userprog/exec-multiple.result
pass tests/userprog/exec-once
perl -I../.. ../../tests/userprog/exec-missing.ck tests/userprog/exec-missing tests/userprog/exec-missing.result
pass tests/userprog/write-stdin
perl -I../.. ../../tests/userprog/exec-bad-ptr.ck tests/userprog/exec-bad-ptr tests/userprog/exec-bad-ptr.result
pass tests/userprog/exec-multiple
perl -I../.. ../../tests/userprog/wait-simple.ck tests/userprog/wait-simple tests/userprog/wait-simple.result
pass tests/userprog/exec-arg
perl -I../.. ../../tests/userprog/wait-twice.ck tests/userprog/wait-twice tests/userprog/wait-twice.result
pass tests/userprog/exec-bad-ptr
perl -I../.. ../../tests/userprog/wait-killed.ck tests/userprog/wait-killed tests/userprog/wait-killed.result
pass tests/userprog/exec-missing
perl -I../.. ../../tests/userprog/wait-bad-pid.ck tests/userprog/wait-bad-pid tests/userprog/wait-bad-pid.result
pass tests/userprog/wait-twice
perl -I../.. ../../tests/userprog/multi-recurse.ck tests/userprog/multi-recurse tests/userprog/multi-recurse.result
pass tests/userprog/wait-killed
perl -I../.. ../../tests/userprog/multi-child-fd.ck tests/userprog/multi-child-fd tests/userprog/multi-child-fd.result
pass tests/userprog/wait-bad-pid
perl -I../.. ../../tests/filesys/base/lg-create.ck tests/filesys/base/lg-create tests/filesys/base/lg-create.result
pass tests/userprog/multi-recurse
perl -I../.. ../../tests/filesys/base/lg-full.ck tests/filesys/base/lg-full tests/filesys/base/lg-full.result
pass tests/userprog/multi-child-fd
perl -I../.. ../../tests/filesys/base/lg-random.ck tests/filesys/base/lg-random tests/filesys/base/lg-random.result
pass tests/userprog/wait-simple
perl -I../.. ../../tests/filesys/base/lg-seq-block.ck tests/filesys/base/lg-seq-block tests/filesys/base/lg-seq-block.result
pass tests/userprog/write-zero
perl -I../.. ../../tests/filesys/base/lg-seq-random.ck tests/filesys/base/lg-seq-random tests/filesys/base/lg-seq-random.result
pass tests/filesys/base/lg-random
perl -I../.. ../../tests/filesys/base/sm-create.ck tests/filesys/base/sm-create tests/filesys/base/sm-create.result
pass tests/filesys/base/lg-seq-random
perl -I../.. ../../tests/filesys/base/sm-full.ck tests/filesys/base/sm-full tests/filesys/base/sm-full.result
pass tests/filesys/base/lg-seq-block
perl -I../.. ../../tests/filesys/base/sm-random.ck tests/filesys/base/sm-random tests/filesys/base/sm-random.result
pass tests/userprog/write-bad-ptr
perl -I../.. ../../tests/filesys/base/sm-seq-block.ck tests/filesys/base/sm-seq-block tests/filesys/base/sm-seq-block.result
pass tests/filesys/base/sm-random
perl -I../.. ../../tests/filesys/base/sm-seq-random.ck tests/filesys/base/sm-seq-random tests/filesys/base/sm-seq-random.result
pass tests/filesys/base/sm-seq-block
pass tests/filesys/base/sm-seq-random
perl -I../.. ../../tests/filesys/base/syn-remove.ck tests/filesys/base/syn-remove tests/filesys/base/syn-remove.result
pass tests/filesys/base/lg-create
pass tests/filesys/base/lg-full
pass tests/filesys/base/sm-full
pass tests/filesys/base/sm-create
pass tests/filesys/base/syn-remove
perl -I../.. ../../tests/filesys/base/syn-write.ck tests/filesys/base/syn-write tests/filesys/base/syn-write.result
pass tests/filesys/base/syn-write
perl -I../.. ../../tests/filesys/base/syn-read.ck tests/filesys/base/syn-read tests/filesys/base/syn-read.result
pass tests/filesys/base/syn-read
pass tests/klaar/read-bad-buf
pass tests/klaar/low-mem
pass tests/klaar/exec-corrupt
pass tests/userprog/args-none
pass tests/userprog/args-single
pass tests/userprog/args-multiple
pass tests/userprog/args-many
pass tests/userprog/args-dbl-space
pass tests/userprog/sc-bad-sp
pass tests/userprog/sc-bad-arg
pass tests/userprog/sc-boundary
pass tests/userprog/sc-boundary-2
pass tests/userprog/halt
pass tests/userprog/exit
pass tests/userprog/create-normal
pass tests/userprog/create-empty
pass tests/userprog/create-null
pass tests/userprog/create-bad-ptr
pass tests/userprog/create-long
pass tests/userprog/create-exists
pass tests/userprog/create-bound
pass tests/userprog/open-normal
pass tests/userprog/open-missing
pass tests/userprog/open-boundary
pass tests/userprog/open-empty
pass tests/userprog/open-null
pass tests/userprog/open-bad-ptr
pass tests/userprog/open-twice
pass tests/userprog/close-normal
pass tests/userprog/close-twice
pass tests/userprog/close-stdin
pass tests/userprog/close-stdout
pass tests/userprog/close-bad-fd
pass tests/userprog/read-normal
pass tests/userprog/read-bad-ptr
pass tests/userprog/read-boundary
pass tests/userprog/read-zero
pass tests/userprog/read-stdout
pass tests/userprog/read-bad-fd
pass tests/userprog/write-normal
pass tests/userprog/write-bad-ptr
pass tests/userprog/write-boundary
pass tests/userprog/write-zero
pass tests/userprog/write-stdin
pass tests/userprog/write-bad-fd
pass tests/userprog/exec-once
pass tests/userprog/exec-arg
pass tests/userprog/exec-multiple
pass tests/userprog/exec-missing
pass tests/userprog/exec-bad-ptr
pass tests/userprog/wait-simple
pass tests/userprog/wait-twice
pass tests/userprog/wait-killed
pass tests/userprog/wait-bad-pid
pass tests/userprog/multi-recurse
pass tests/userprog/multi-child-fd
pass tests/filesys/base/lg-create
pass tests/filesys/base/lg-full
pass tests/filesys/base/lg-random
pass tests/filesys/base/lg-seq-block
pass tests/filesys/base/lg-seq-random
pass tests/filesys/base/sm-create
pass tests/filesys/base/sm-full
pass tests/filesys/base/sm-random
pass tests/filesys/base/sm-seq-block
pass tests/filesys/base/sm-seq-random
pass tests/filesys/base/syn-read
pass tests/filesys/base/syn-remove
pass tests/filesys/base/syn-write
All 69 tests passed.
gmake[1]: Leaving directory `/home/sebni087/Pintos_Nyaste/src/userprog/build'
